<?xml version="1.0" encoding="UTF-8"?>
<!-- Generated by org.testng.reporters.JUnitReportReporter -->
<testsuite skipped="0" hostname="Mehul_Jain" name="testPackage.GetDemo" tests="1" failures="0" timestamp="18 Jul 2020 10:30:45 GMT" time="3.177" errors="0">
  <testcase name="getUserDetails" time="3.177" classname="testPackage.GetDemo"/>
</testsuite> <!-- testPackage.GetDemo -->
