<?xml version="1.0" encoding="UTF-8"?>
<!-- Generated by org.testng.reporters.JUnitReportReporter -->
<testsuite skipped="0" hostname="Mehul_Jain" name="testPackage.TC001_Get_User" tests="6" failures="0" timestamp="27 Jul 2020 05:17:02 GMT" time="0.047" errors="0">
  <testcase name="checkContentType" time="0.015" classname="testPackage.TC001_Get_User"/>
  <testcase name="checkResposeBody" time="0.016" classname="testPackage.TC001_Get_User"/>
  <testcase name="checkContentEncoding" time="0.016" classname="testPackage.TC001_Get_User"/>
  <testcase name="checkStatusCode" time="0.000" classname="testPackage.TC001_Get_User"/>
  <testcase name="checkServer" time="0.000" classname="testPackage.TC001_Get_User"/>
  <testcase name="checkStatusLine" time="0.000" classname="testPackage.TC001_Get_User"/>
</testsuite> <!-- testPackage.TC001_Get_User -->
