<?xml version="1.0" encoding="UTF-8"?>
<!-- Generated by org.testng.reporters.JUnitReportReporter -->
<testsuite skipped="0" hostname="Mehul_Jain" name="testPackage.TC001_POST_User" tests="1" failures="0" timestamp="21 Jul 2020 05:13:51 GMT" time="4.413" errors="0">
  <testcase name="getUserDetails" time="4.413" classname="testPackage.TC001_POST_User"/>
</testsuite> <!-- testPackage.TC001_POST_User -->
