<?xml version="1.0" encoding="UTF-8"?>
<!-- Generated by org.testng.reporters.JUnitReportReporter -->
<testsuite skipped="0" hostname="Mehul_Jain" name="testPackage.TC002_Post_User" tests="5" failures="0" timestamp="27 Jul 2020 05:17:02 GMT" time="0.000" errors="0">
  <testcase name="checkResponseBody" time="0.000" classname="testPackage.TC002_Post_User"/>
  <testcase name="checkContentType" time="0.000" classname="testPackage.TC002_Post_User"/>
  <testcase name="checkServer" time="0.000" classname="testPackage.TC002_Post_User"/>
  <testcase name="checkStatusLine" time="0.000" classname="testPackage.TC002_Post_User"/>
  <testcase name="checkStatusCode" time="0.000" classname="testPackage.TC002_Post_User"/>
</testsuite> <!-- testPackage.TC002_Post_User -->
