<?xml version="1.0" encoding="UTF-8"?>
<!-- Generated by org.testng.reporters.JUnitReportReporter -->
<testsuite skipped="0" hostname="Mehul_Jain" name="forFuture.TC001_POST_User" tests="1" failures="0" timestamp="25 Jul 2020 15:44:09 GMT" time="3.106" errors="0">
  <testcase name="getUserDetails" time="3.106" classname="forFuture.TC001_POST_User"/>
</testsuite> <!-- forFuture.TC001_POST_User -->
