<?xml version="1.0" encoding="UTF-8"?>
<!-- Generated by org.testng.reporters.JUnitReportReporter -->
<testsuite skipped="0" hostname="Mehul_Jain" name="testPackage.PostDemo" tests="1" failures="0" timestamp="17 Jul 2020 07:04:56 GMT" time="3.392" errors="0">
  <testcase name="postNewUser" time="3.392" classname="testPackage.PostDemo"/>
</testsuite> <!-- testPackage.PostDemo -->
